<?xml version="1.0" encoding="UTF-8"?>
<testng-results ignored="0" total="1" passed="1" failed="0" skipped="0">
  <reporter-output>
  </reporter-output>
  <suite started-at="2023-05-16T11:49:36 IST" name="Suite" finished-at="2023-05-16T11:50:13 IST" duration-ms="36707">
    <groups>
    </groups>
    <test started-at="2023-05-16T11:49:36 IST" name="ChromeTest" finished-at="2023-05-16T11:50:13 IST" duration-ms="36707">
      <class name="com.minipro.alerts.HandleAlerts">
        <test-method is-config="true" signature="setup(java.lang.String)[pri:0, instance:com.minipro.alerts.HandleAlerts@7722c3c3]" started-at="2023-05-16T11:49:37 IST" name="setup" finished-at="2023-05-16T11:49:41 IST" duration-ms="4192" status="PASS">
          <params>
            <param index="0">
              <value>
                <![CDATA[Chrome]]>
              </value>
            </param>
          </params>
          <reporter-output>
          </reporter-output>
        </test-method> <!-- setup -->
        <test-method signature="checkAlerts()[pri:0, instance:com.minipro.alerts.HandleAlerts@7722c3c3]" started-at="2023-05-16T11:49:41 IST" name="checkAlerts" finished-at="2023-05-16T11:50:13 IST" duration-ms="31952" status="PASS">
          <reporter-output>
          </reporter-output>
        </test-method> <!-- checkAlerts -->
        <test-method is-config="true" signature="closingFunc()[pri:0, instance:com.minipro.alerts.HandleAlerts@7722c3c3]" started-at="2023-05-16T11:50:13 IST" name="closingFunc" finished-at="2023-05-16T11:50:13 IST" duration-ms="478" status="PASS">
          <reporter-output>
          </reporter-output>
        </test-method> <!-- closingFunc -->
      </class> <!-- com.minipro.alerts.HandleAlerts -->
    </test> <!-- ChromeTest -->
  </suite> <!-- Suite -->
</testng-results>
