<?xml version="1.0" encoding="UTF-8"?>
<testng-results ignored="0" total="1" passed="1" failed="0" skipped="0">
  <reporter-output>
  </reporter-output>
  <suite started-at="2022-12-27T12:00:50 IST" name="Multi Window" finished-at="2022-12-27T12:00:56 IST" duration-ms="6081">
    <groups>
    </groups>
    <test started-at="2022-12-27T12:00:50 IST" name="Multi Window Test" finished-at="2022-12-27T12:00:56 IST" duration-ms="6081">
      <class name="com.miniproject.multiwindow.MultipleWindowTest">
        <test-method is-config="true" signature="OpenBrowser(java.lang.String)[pri:0, instance:com.miniproject.multiwindow.MultipleWindowTest@3232a28a]" started-at="2022-12-27T12:00:50 IST" name="OpenBrowser" finished-at="2022-12-27T12:00:54 IST" duration-ms="3888" status="PASS">
          <params>
            <param index="0">
              <value>
                <![CDATA[chrome]]>
              </value>
            </param>
          </params>
          <reporter-output>
          </reporter-output>
        </test-method> <!-- OpenBrowser -->
        <test-method signature="handleMultiWindow()[pri:0, instance:com.miniproject.multiwindow.MultipleWindowTest@3232a28a]" started-at="2022-12-27T12:00:54 IST" name="handleMultiWindow" finished-at="2022-12-27T12:00:56 IST" duration-ms="1977" status="PASS">
          <reporter-output>
          </reporter-output>
        </test-method> <!-- handleMultiWindow -->
        <test-method is-config="true" signature="CloseBrowser()[pri:0, instance:com.miniproject.multiwindow.MultipleWindowTest@3232a28a]" started-at="2022-12-27T12:00:56 IST" name="CloseBrowser" finished-at="2022-12-27T12:00:56 IST" duration-ms="178" status="PASS">
          <reporter-output>
          </reporter-output>
        </test-method> <!-- CloseBrowser -->
      </class> <!-- com.miniproject.multiwindow.MultipleWindowTest -->
    </test> <!-- Multi Window Test -->
  </suite> <!-- Multi Window -->
</testng-results>
