<?xml version="1.0" encoding="UTF-8"?>
<!-- Generated by org.testng.reporters.JUnitXMLReporter -->
<testsuite ignored="0" hostname="DESKTOP-52D0HCV" failures="0" tests="7" name="Test" time="307.043" errors="0" timestamp="2023-06-18T10:58:36 IST">
  <testcase classname="testCases.AllTestCases" name="verifyCourses" time="16.885"/>
  <testcase classname="testCases.AllTestCases" name="campusContact" time="70.656"/>
  <testcase classname="testCases.AllTestCases" name="campusContact" time="64.492"/>
  <testcase classname="testCases.AllTestCases" name="verifyLanguageLearning" time="30.892"/>
  <testcase classname="testCases.AllTestCases" name="verifyLanguageLearning" time="34.77"/>
  <testcase classname="testCases.AllTestCases" name="verifyLanguageLearning" time="51.461"/>
  <testcase classname="testCases.AllTestCases" name="verifyLanguageLearning" time="33.847"/>
</testsuite> <!-- Test -->
